screen-available-backups-modal.png
screen-backup-detail.png
screen-backup-history.png
screen-backup-tooltip.png
screen-collect-button-popup.png
screen-collect-button-right-click-popup.png
screen-dashboard-summary.png
screen-dashboard-summary-table.png
screen-duplicati-configuration.png
screen-main-dashboard-card-mode.png
screen-main-dashboard-table-mode.png
screen-metrics.png
screen-overdue-backup-hover-card.png
screen-overdue-notification.png
screen-overview-side-charts.png
screen-overview-side-status.png
screen-prototype-detail.png
screen-prototype.png
screen-server-backup-list.png
screen-server-overdue-message.png
screen-settings-application-logs.png
screen-settings-audit.png
screen-settings-audit-retention.png
screen-settings-database-maintenance.png
screen-settings-display.png
screen-settings-email.png
screen-settings-left-panel-admin.png
screen-settings-left-panel-non-admin.png
screen-settings-notifications-bulk.png
screen-settings-notifications.png
screen-settings-notifications-server.png
screen-settings-ntfy.png
screen-settings-overdue.png
screen-settings-server.png
screen-settings-templates.png
screen-settings-users.png
screen-user-menu-admin.png
screen-user-menu-user.png
